<?xml version="1.0" encoding="utf-8"?><testsuites><testsuite name="pytest" errors="0" failures="0" skipped="0" tests="4" time="63.403" timestamp="2025-01-02T18:57:23.534425+05:00" hostname="PNB2E11D4"><testcase classname="test_1" name="test_wrong_login_data" time="23.592" /><testcase classname="test_1" name="test_successful_login" time="11.966" /><testcase classname="test_1" name="test_create_post" time="15.364" /><testcase classname="test_1" name="test_contact_us" time="12.414" /></testsuite></testsuites>